# JRE version: Java(TM) SE Runtime Environment (8.0_201-b09) (build 1.8.0_201-b09)
# Java VM: Java HotSpot(TM) 64-Bit Server VM (25.201-b09 mixed mode windows-amd64 compressed oops)
Heap:
 PSYoungGen      total 30208K, used 9985K [0x0000000780380000, 0x0000000782380000, 0x00000007c0000000)
  eden space 27648K, 32% used [0x0000000780380000,0x0000000780c50700,0x0000000781e80000)
  from space 2560K, 37% used [0x0000000781e80000,0x0000000781f70000,0x0000000782100000)
  to   space 2560K, 0% used [0x0000000782100000,0x0000000782100000,0x0000000782380000)
 ParOldGen       total 131072K, used 2132K [0x0000000700a00000, 0x0000000708a00000, 0x0000000780380000)
  object space 131072K, 1% used [0x0000000700a00000,0x0000000700c15290,0x0000000708a00000)
 Metaspace       used 9907K, capacity 10193K, committed 10368K, reserved 1058816K
  class space    used 783K, capacity 879K, committed 896K, reserved 1048576K
GC Heap History (10 events):
Event: 136.369 GC heap before
{Heap before GC invocations=37 (full 0):
 PSYoungGen      total 31232K, used 30720K [0x0000000780380000, 0x0000000782580000, 0x00000007c0000000)
  eden space 29696K, 100% used [0x0000000780380000,0x0000000782080000,0x0000000782080000)
  from space 1536K, 66% used [0x0000000782400000,0x0000000782500000,0x0000000782580000)
  to   space 2560K, 0% used [0x0000000782080000,0x0000000782080000,0x0000000782300000)
 ParOldGen       total 131072K, used 2076K [0x0000000700a00000, 0x0000000708a00000, 0x0000000780380000)
  object space 131072K, 1% used [0x0000000700a00000,0x0000000700c07290,0x0000000708a00000)
 Metaspace       used 9881K, capacity 10129K, committed 10368K, reserved 1058816K
  class space    used 780K, capacity 879K, committed 896K, reserved 1048576K
Event: 136.372 GC heap after
Heap after GC invocations=37 (full 0):
 PSYoungGen      total 30208K, used 1024K [0x0000000780380000, 0x0000000782500000, 0x00000007c0000000)
  eden space 29184K, 0% used [0x0000000780380000,0x0000000780380000,0x0000000782000000)
  from space 1024K, 100% used [0x0000000782080000,0x0000000782180000,0x0000000782180000)
  to   space 2560K, 0% used [0x0000000782280000,0x0000000782280000,0x0000000782500000)
 ParOldGen       total 131072K, used 2076K [0x0000000700a00000, 0x0000000708a00000, 0x0000000780380000)
  object space 131072K, 1% used [0x0000000700a00000,0x0000000700c07290,0x0000000708a00000)
 Metaspace       used 9881K, capacity 10129K, committed 10368K, reserved 1058816K
  class space    used 780K, capacity 879K, committed 896K, reserved 1048576K
}
Event: 138.019 GC heap before
{Heap before GC invocations=38 (full 0):
 PSYoungGen      total 30208K, used 30208K [0x0000000780380000, 0x0000000782500000, 0x00000007c0000000)
  eden space 29184K, 100% used [0x0000000780380000,0x0000000782000000,0x0000000782000000)
  from space 1024K, 100% used [0x0000000782080000,0x0000000782180000,0x0000000782180000)
  to   space 2560K, 0% used [0x0000000782280000,0x0000000782280000,0x0000000782500000)
 ParOldGen       total 131072K, used 2076K [0x0000000700a00000, 0x0000000708a00000, 0x0000000780380000)
  object space 131072K, 1% used [0x0000000700a00000,0x0000000700c07290,0x0000000708a00000)
 Metaspace       used 9881K, capacity 10129K, committed 10368K, reserved 1058816K
  class space    used 780K, capacity 879K, committed 896K, reserved 1048576K
Event: 138.022 GC heap after
Heap after GC invocations=38 (full 0):
 PSYoungGen      total 30720K, used 992K [0x0000000780380000, 0x0000000782480000, 0x00000007c0000000)
  eden space 28672K, 0% used [0x0000000780380000,0x0000000780380000,0x0000000781f80000)
  from space 2048K, 48% used [0x0000000782280000,0x0000000782378000,0x0000000782480000)
  to   space 2560K, 0% used [0x0000000781f80000,0x0000000781f80000,0x0000000782200000)
 ParOldGen       total 131072K, used 2100K [0x0000000700a00000, 0x0000000708a00000, 0x0000000780380000)
  object space 131072K, 1% used [0x0000000700a00000,0x0000000700c0d290,0x0000000708a00000)
 Metaspace       used 9881K, capacity 10129K, committed 10368K, reserved 1058816K
  class space    used 780K, capacity 879K, committed 896K, reserved 1048576K
}
Event: 139.653 GC heap before
{Heap before GC invocations=39 (full 0):
 PSYoungGen      total 30720K, used 29664K [0x0000000780380000, 0x0000000782480000, 0x00000007c0000000)
  eden space 28672K, 100% used [0x0000000780380000,0x0000000781f80000,0x0000000781f80000)
  from space 2048K, 48% used [0x0000000782280000,0x0000000782378000,0x0000000782480000)
  to   space 2560K, 0% used [0x0000000781f80000,0x0000000781f80000,0x0000000782200000)
 ParOldGen       total 131072K, used 2100K [0x0000000700a00000, 0x0000000708a00000, 0x0000000780380000)
  object space 131072K, 1% used [0x0000000700a00000,0x0000000700c0d290,0x0000000708a00000)
 Metaspace       used 9881K, capacity 10129K, committed 10368K, reserved 1058816K
  class space    used 780K, capacity 879K, committed 896K, reserved 1048576K
Event: 139.655 GC heap after
Heap after GC invocations=39 (full 0):
 PSYoungGen      total 29184K, used 960K [0x0000000780380000, 0x0000000782400000, 0x00000007c0000000)
  eden space 28160K, 0% used [0x0000000780380000,0x0000000780380000,0x0000000781f00000)
  from space 1024K, 93% used [0x0000000781f80000,0x0000000782070000,0x0000000782080000)
  to   space 2560K, 0% used [0x0000000782180000,0x0000000782180000,0x0000000782400000)
 ParOldGen       total 131072K, used 2100K [0x0000000700a00000, 0x0000000708a00000, 0x0000000780380000)
  object space 131072K, 1% used [0x0000000700a00000,0x0000000700c0d290,0x0000000708a00000)
 Metaspace       used 9881K, capacity 10129K, committed 10368K, reserved 1058816K
  class space    used 780K, capacity 879K, committed 896K, reserved 1048576K
}
Event: 141.186 GC heap before
{Heap before GC invocations=40 (full 0):
 PSYoungGen      total 29184K, used 29120K [0x0000000780380000, 0x0000000782400000, 0x00000007c0000000)
  eden space 28160K, 100% used [0x0000000780380000,0x0000000781f00000,0x0000000781f00000)
  from space 1024K, 93% used [0x0000000781f80000,0x0000000782070000,0x0000000782080000)
  to   space 2560K, 0% used [0x0000000782180000,0x0000000782180000,0x0000000782400000)
 ParOldGen       total 131072K, used 2100K [0x0000000700a00000, 0x0000000708a00000, 0x0000000780380000)
  object space 131072K, 1% used [0x0000000700a00000,0x0000000700c0d290,0x0000000708a00000)
 Metaspace       used 9881K, capacity 10129K, committed 10368K, reserved 1058816K
  class space    used 780K, capacity 879K, committed 896K, reserved 1048576K
Event: 141.189 GC heap after
Heap after GC invocations=40 (full 0):
 PSYoungGen      total 29696K, used 1024K [0x0000000780380000, 0x0000000782380000, 0x00000007c0000000)
  eden space 27648K, 0% used [0x0000000780380000,0x0000000780380000,0x0000000781e80000)
  from space 2048K, 50% used [0x0000000782180000,0x0000000782280000,0x0000000782380000)
  to   space 2560K, 0% used [0x0000000781e80000,0x0000000781e80000,0x0000000782100000)
 ParOldGen       total 131072K, used 2108K [0x0000000700a00000, 0x0000000708a00000, 0x0000000780380000)
  object space 131072K, 1% used [0x0000000700a00000,0x0000000700c0f290,0x0000000708a00000)
 Metaspace       used 9881K, capacity 10129K, committed 10368K, reserved 1058816K
  class space    used 780K, capacity 879K, committed 896K, reserved 1048576K
}
Event: 142.603 GC heap before
{Heap before GC invocations=41 (full 0):
 PSYoungGen      total 29696K, used 28672K [0x0000000780380000, 0x0000000782380000, 0x00000007c0000000)
  eden space 27648K, 100% used [0x0000000780380000,0x0000000781e80000,0x0000000781e80000)
  from space 2048K, 50% used [0x0000000782180000,0x0000000782280000,0x0000000782380000)
  to   space 2560K, 0% used [0x0000000781e80000,0x0000000781e80000,0x0000000782100000)
 ParOldGen       total 131072K, used 2108K [0x0000000700a00000, 0x0000000708a00000, 0x0000000780380000)
  object space 131072K, 1% used [0x0000000700a00000,0x0000000700c0f290,0x0000000708a00000)
 Metaspace       used 9881K, capacity 10129K, committed 10368K, reserved 1058816K
  class space    used 780K, capacity 879K, committed 896K, reserved 1048576K
Event: 142.606 GC heap after
Heap after GC invocations=41 (full 0):
 PSYoungGen      total 30208K, used 960K [0x0000000780380000, 0x0000000782380000, 0x00000007c0000000)
  eden space 27648K, 0% used [0x0000000780380000,0x0000000780380000,0x0000000781e80000)
  from space 2560K, 37% used [0x0000000781e80000,0x0000000781f70000,0x0000000782100000)
  to   space 2560K, 0% used [0x0000000782100000,0x0000000782100000,0x0000000782380000)
 ParOldGen       total 131072K, used 2132K [0x0000000700a00000, 0x0000000708a00000, 0x0000000780380000)
  object space 131072K, 1% used [0x0000000700a00000,0x0000000700c15290,0x0000000708a00000)
 Metaspace       used 9881K, capacity 10129K, committed 10368K, reserved 1058816K
  class space    used 780K, capacity 879K, committed 896K, reserved 1048576K
}

