# JRE version: Java(TM) SE Runtime Environment (8.0_191-b12) (build 1.8.0_191-b12)
# Java VM: Java HotSpot(TM) 64-Bit Server VM (25.191-b12 mixed mode windows-amd64 compressed oops)
Heap:
 PSYoungGen      total 33280K, used 3110K [0x00000000d5f00000, 0x00000000d8700000, 0x0000000100000000)
  eden space 31744K, 5% used [0x00000000d5f00000,0x00000000d60d9b20,0x00000000d7e00000)
  from space 1536K, 79% used [0x00000000d7e80000,0x00000000d7fb0000,0x00000000d8000000)
  to   space 4608K, 0% used [0x00000000d8280000,0x00000000d8280000,0x00000000d8700000)
 ParOldGen       total 87552K, used 1925K [0x0000000081c00000, 0x0000000087180000, 0x00000000d5f00000)
  object space 87552K, 2% used [0x0000000081c00000,0x0000000081de16e0,0x0000000087180000)
 Metaspace       used 9282K, capacity 9521K, committed 9600K, reserved 1058816K
  class space    used 765K, capacity 847K, committed 896K, reserved 1048576K
GC Heap History (10 events):
Event: 7.353 GC heap before
{Heap before GC invocations=3 (full 0):
 PSYoungGen      total 38400K, used 36337K [0x00000000d5f00000, 0x00000000d8980000, 0x0000000100000000)
  eden space 33280K, 100% used [0x00000000d5f00000,0x00000000d7f80000,0x00000000d7f80000)
  from space 5120K, 59% used [0x00000000d8480000,0x00000000d877c678,0x00000000d8980000)
  to   space 5120K, 0% used [0x00000000d7f80000,0x00000000d7f80000,0x00000000d8480000)
 ParOldGen       total 87552K, used 24K [0x0000000081c00000, 0x0000000087180000, 0x00000000d5f00000)
  object space 87552K, 0% used [0x0000000081c00000,0x0000000081c06000,0x0000000087180000)
 Metaspace       used 9230K, capacity 9457K, committed 9600K, reserved 1058816K
  class space    used 765K, capacity 847K, committed 896K, reserved 1048576K
Event: 7.359 GC heap after
Heap after GC invocations=3 (full 0):
 PSYoungGen      total 38400K, used 3024K [0x00000000d5f00000, 0x00000000d8980000, 0x0000000100000000)
  eden space 33280K, 0% used [0x00000000d5f00000,0x00000000d5f00000,0x00000000d7f80000)
  from space 5120K, 59% used [0x00000000d7f80000,0x00000000d8274030,0x00000000d8480000)
  to   space 5120K, 0% used [0x00000000d8480000,0x00000000d8480000,0x00000000d8980000)
 ParOldGen       total 87552K, used 32K [0x0000000081c00000, 0x0000000087180000, 0x00000000d5f00000)
  object space 87552K, 0% used [0x0000000081c00000,0x0000000081c08000,0x0000000087180000)
 Metaspace       used 9230K, capacity 9457K, committed 9600K, reserved 1058816K
  class space    used 765K, capacity 847K, committed 896K, reserved 1048576K
}
Event: 9.969 GC heap before
{Heap before GC invocations=4 (full 0):
 PSYoungGen      total 38400K, used 36304K [0x00000000d5f00000, 0x00000000d8980000, 0x0000000100000000)
  eden space 33280K, 100% used [0x00000000d5f00000,0x00000000d7f80000,0x00000000d7f80000)
  from space 5120K, 59% used [0x00000000d7f80000,0x00000000d8274030,0x00000000d8480000)
  to   space 5120K, 0% used [0x00000000d8480000,0x00000000d8480000,0x00000000d8980000)
 ParOldGen       total 87552K, used 32K [0x0000000081c00000, 0x0000000087180000, 0x00000000d5f00000)
  object space 87552K, 0% used [0x0000000081c00000,0x0000000081c08000,0x0000000087180000)
 Metaspace       used 9272K, capacity 9521K, committed 9600K, reserved 1058816K
  class space    used 765K, capacity 847K, committed 896K, reserved 1048576K
Event: 9.975 GC heap after
Heap after GC invocations=4 (full 0):
 PSYoungGen      total 38400K, used 3121K [0x00000000d5f00000, 0x00000000d8980000, 0x0000000100000000)
  eden space 33280K, 0% used [0x00000000d5f00000,0x00000000d5f00000,0x00000000d7f80000)
  from space 5120K, 60% used [0x00000000d8480000,0x00000000d878c698,0x00000000d8980000)
  to   space 5120K, 0% used [0x00000000d7f80000,0x00000000d7f80000,0x00000000d8480000)
 ParOldGen       total 87552K, used 40K [0x0000000081c00000, 0x0000000087180000, 0x00000000d5f00000)
  object space 87552K, 0% used [0x0000000081c00000,0x0000000081c0a000,0x0000000087180000)
 Metaspace       used 9272K, capacity 9521K, committed 9600K, reserved 1058816K
  class space    used 765K, capacity 847K, committed 896K, reserved 1048576K
}
Event: 12.355 GC heap before
{Heap before GC invocations=5 (full 0):
 PSYoungGen      total 38400K, used 36401K [0x00000000d5f00000, 0x00000000d8980000, 0x0000000100000000)
  eden space 33280K, 100% used [0x00000000d5f00000,0x00000000d7f80000,0x00000000d7f80000)
  from space 5120K, 60% used [0x00000000d8480000,0x00000000d878c698,0x00000000d8980000)
  to   space 5120K, 0% used [0x00000000d7f80000,0x00000000d7f80000,0x00000000d8480000)
 ParOldGen       total 87552K, used 40K [0x0000000081c00000, 0x0000000087180000, 0x00000000d5f00000)
  object space 87552K, 0% used [0x0000000081c00000,0x0000000081c0a000,0x0000000087180000)
 Metaspace       used 9276K, capacity 9521K, committed 9600K, reserved 1058816K
  class space    used 765K, capacity 847K, committed 896K, reserved 1048576K
Event: 12.360 GC heap after
Heap after GC invocations=5 (full 0):
 PSYoungGen      total 36352K, used 3089K [0x00000000d5f00000, 0x00000000d8800000, 0x0000000100000000)
  eden space 32768K, 0% used [0x00000000d5f00000,0x00000000d5f00000,0x00000000d7f00000)
  from space 3584K, 86% used [0x00000000d7f80000,0x00000000d8284698,0x00000000d8300000)
  to   space 4608K, 0% used [0x00000000d8380000,0x00000000d8380000,0x00000000d8800000)
 ParOldGen       total 87552K, used 48K [0x0000000081c00000, 0x0000000087180000, 0x00000000d5f00000)
  object space 87552K, 0% used [0x0000000081c00000,0x0000000081c0c000,0x0000000087180000)
 Metaspace       used 9276K, capacity 9521K, committed 9600K, reserved 1058816K
  class space    used 765K, capacity 847K, committed 896K, reserved 1048576K
}
Event: 14.454 GC heap before
{Heap before GC invocations=6 (full 0):
 PSYoungGen      total 36352K, used 35857K [0x00000000d5f00000, 0x00000000d8800000, 0x0000000100000000)
  eden space 32768K, 100% used [0x00000000d5f00000,0x00000000d7f00000,0x00000000d7f00000)
  from space 3584K, 86% used [0x00000000d7f80000,0x00000000d8284698,0x00000000d8300000)
  to   space 4608K, 0% used [0x00000000d8380000,0x00000000d8380000,0x00000000d8800000)
 ParOldGen       total 87552K, used 48K [0x0000000081c00000, 0x0000000087180000, 0x00000000d5f00000)
  object space 87552K, 0% used [0x0000000081c00000,0x0000000081c0c000,0x0000000087180000)
 Metaspace       used 9276K, capacity 9521K, committed 9600K, reserved 1058816K
  class space    used 765K, capacity 847K, committed 896K, reserved 1048576K
Event: 14.459 GC heap after
Heap after GC invocations=6 (full 0):
 PSYoungGen      total 36352K, used 3073K [0x00000000d5f00000, 0x00000000d8780000, 0x0000000100000000)
  eden space 32256K, 0% used [0x00000000d5f00000,0x00000000d5f00000,0x00000000d7e80000)
  from space 4096K, 75% used [0x00000000d8380000,0x00000000d8680688,0x00000000d8780000)
  to   space 4608K, 0% used [0x00000000d7e80000,0x00000000d7e80000,0x00000000d8300000)
 ParOldGen       total 87552K, used 56K [0x0000000081c00000, 0x0000000087180000, 0x00000000d5f00000)
  object space 87552K, 0% used [0x0000000081c00000,0x0000000081c0e000,0x0000000087180000)
 Metaspace       used 9276K, capacity 9521K, committed 9600K, reserved 1058816K
  class space    used 765K, capacity 847K, committed 896K, reserved 1048576K
}
Event: 16.421 GC heap before
{Heap before GC invocations=7 (full 0):
 PSYoungGen      total 36352K, used 35329K [0x00000000d5f00000, 0x00000000d8780000, 0x0000000100000000)
  eden space 32256K, 100% used [0x00000000d5f00000,0x00000000d7e80000,0x00000000d7e80000)
  from space 4096K, 75% used [0x00000000d8380000,0x00000000d8680688,0x00000000d8780000)
  to   space 4608K, 0% used [0x00000000d7e80000,0x00000000d7e80000,0x00000000d8300000)
 ParOldGen       total 87552K, used 56K [0x0000000081c00000, 0x0000000087180000, 0x00000000d5f00000)
  object space 87552K, 0% used [0x0000000081c00000,0x0000000081c0e000,0x0000000087180000)
 Metaspace       used 9278K, capacity 9521K, committed 9600K, reserved 1058816K
  class space    used 765K, capacity 847K, committed 896K, reserved 1048576K
Event: 16.425 GC heap after
Heap after GC invocations=7 (full 0):
 PSYoungGen      total 33280K, used 1216K [0x00000000d5f00000, 0x00000000d8700000, 0x0000000100000000)
  eden space 31744K, 0% used [0x00000000d5f00000,0x00000000d5f00000,0x00000000d7e00000)
  from space 1536K, 79% used [0x00000000d7e80000,0x00000000d7fb0000,0x00000000d8000000)
  to   space 4608K, 0% used [0x00000000d8280000,0x00000000d8280000,0x00000000d8700000)
 ParOldGen       total 87552K, used 1925K [0x0000000081c00000, 0x0000000087180000, 0x00000000d5f00000)
  object space 87552K, 2% used [0x0000000081c00000,0x0000000081de16e0,0x0000000087180000)
 Metaspace       used 9278K, capacity 9521K, committed 9600K, reserved 1058816K
  class space    used 765K, capacity 847K, committed 896K, reserved 1048576K
}

